{
  "RSpec": {
    "coverage": {
      "/Users/johnsantosuosso/payments_exercise/payments_exercise/config/environment.rb": {
        "lines": [
          null,
          1,
          null,
          null,
          1
        ]
      },
      "/Users/johnsantosuosso/payments_exercise/payments_exercise/config/application.rb": {
        "lines": [
          1,
          null,
          1,
          null,
          null,
          null,
          1,
          null,
          1,
          1,
          1,
          null,
          null,
          1,
          null,
          null,
          null,
          null,
          null,
          null
        ]
      },
      "/Users/johnsantosuosso/payments_exercise/payments_exercise/config/boot.rb": {
        "lines": [
          1,
          null,
          1,
          1
        ]
      },
      "/Users/johnsantosuosso/payments_exercise/payments_exercise/config/environments/test.rb": {
        "lines": [
          1,
          null,
          null,
          null,
          null,
          null,
          null,
          1,
          null,
          null,
          null,
          null,
          1,
          null,
          null,
          1,
          1,
          null,
          null,
          null,
          null,
          1,
          1,
          null,
          null,
          1,
          null,
          null,
          1,
          null,
          null,
          1,
          null,
          1,
          null,
          null,
          null,
          null,
          1,
          null,
          null,
          1,
          null,
          null,
          null,
          null
        ]
      },
      "/Users/johnsantosuosso/payments_exercise/payments_exercise/config/initializers/application_controller_renderer.rb": {
        "lines": [
          null,
          null,
          null,
          null,
          null,
          null,
          null,
          null
        ]
      },
      "/Users/johnsantosuosso/payments_exercise/payments_exercise/config/initializers/backtrace_silencers.rb": {
        "lines": [
          null,
          null,
          null,
          null,
          null,
          null,
          null
        ]
      },
      "/Users/johnsantosuosso/payments_exercise/payments_exercise/config/initializers/filter_parameter_logging.rb": {
        "lines": [
          null,
          null,
          null,
          1
        ]
      },
      "/Users/johnsantosuosso/payments_exercise/payments_exercise/config/initializers/inflections.rb": {
        "lines": [
          null,
          null,
          null,
          null,
          null,
          null,
          null,
          null,
          null,
          null,
          null,
          null,
          null,
          null,
          null,
          null
        ]
      },
      "/Users/johnsantosuosso/payments_exercise/payments_exercise/config/initializers/json.rb": {
        "lines": [
          1,
          1,
          null,
          1,
          0,
          null,
          null
        ]
      },
      "/Users/johnsantosuosso/payments_exercise/payments_exercise/config/initializers/mime_types.rb": {
        "lines": [
          null,
          null,
          null,
          null
        ]
      },
      "/Users/johnsantosuosso/payments_exercise/payments_exercise/config/initializers/new_framework_defaults_5_1.rb": {
        "lines": [
          null,
          null,
          null,
          null,
          null,
          null,
          null,
          null,
          null,
          1,
          null,
          null,
          null,
          null
        ]
      },
      "/Users/johnsantosuosso/payments_exercise/payments_exercise/config/initializers/new_framework_defaults_5_2.rb": {
        "lines": [
          null,
          null,
          null,
          null,
          null,
          null,
          null,
          null,
          null,
          null,
          null,
          null,
          null,
          null,
          null,
          null,
          null,
          null,
          null,
          null,
          null,
          null,
          null,
          null,
          null,
          null,
          null,
          null,
          null,
          null,
          null,
          1,
          null,
          null,
          null,
          null,
          null,
          null
        ]
      },
      "/Users/johnsantosuosso/payments_exercise/payments_exercise/config/initializers/session_store.rb": {
        "lines": [
          null,
          null,
          1
        ]
      },
      "/Users/johnsantosuosso/payments_exercise/payments_exercise/config/initializers/wrap_parameters.rb": {
        "lines": [
          null,
          null,
          null,
          null,
          null,
          null,
          1,
          2,
          null,
          null,
          null,
          null,
          null,
          null
        ]
      },
      "/Users/johnsantosuosso/payments_exercise/payments_exercise/config/routes.rb": {
        "lines": [
          1,
          1,
          1,
          null
        ]
      },
      "/Users/johnsantosuosso/payments_exercise/payments_exercise/app/controllers/loans_controller.rb": {
        "lines": [
          1,
          1,
          null,
          1,
          1,
          null,
          null,
          1,
          1,
          null,
          null,
          1,
          1,
          null,
          null,
          null,
          1,
          1,
          2,
          null,
          null
        ]
      },
      "/Users/johnsantosuosso/payments_exercise/payments_exercise/app/models/loan.rb": {
        "lines": [
          1,
          1,
          null,
          1,
          null,
          1,
          6,
          null,
          null,
          null
        ]
      },
      "/Users/johnsantosuosso/payments_exercise/payments_exercise/app/models/payment.rb": {
        "lines": [
          1,
          1,
          null,
          1,
          1,
          1,
          null
        ]
      },
      "/Users/johnsantosuosso/payments_exercise/payments_exercise/spec/controllers/payments_controller_spec.rb": {
        "lines": [
          1,
          null,
          1,
          1,
          1,
          1,
          null,
          1,
          1,
          1,
          null,
          null,
          null,
          1,
          1,
          1,
          null,
          1,
          1,
          1,
          null,
          null,
          null,
          1,
          1,
          null,
          1,
          1,
          1,
          null,
          null,
          1,
          1,
          1,
          1,
          1,
          null,
          null,
          null,
          1,
          1,
          1,
          1,
          1,
          null,
          null,
          1,
          1,
          1,
          1,
          null,
          null,
          null,
          null
        ]
      },
      "/Users/johnsantosuosso/payments_exercise/payments_exercise/app/controllers/payments_controller.rb": {
        "lines": [
          1,
          1,
          null,
          1,
          0,
          null,
          null,
          1,
          1,
          null,
          null,
          1,
          3,
          3,
          1,
          null,
          2,
          null,
          null,
          null,
          1,
          1,
          null,
          null,
          1,
          1,
          0,
          null,
          null,
          1,
          5,
          null,
          null,
          1,
          5,
          1,
          null,
          null,
          null
        ]
      },
      "/Users/johnsantosuosso/payments_exercise/payments_exercise/spec/models/loan_spec.rb": {
        "lines": [
          1,
          null,
          1,
          null,
          1,
          2,
          null,
          null,
          1,
          2,
          2,
          null,
          null,
          1,
          1,
          1,
          1,
          1,
          null,
          null,
          null,
          null
        ]
      },
      "/Users/johnsantosuosso/payments_exercise/payments_exercise/spec/models/payment_spec.rb": {
        "lines": [
          1,
          null,
          1,
          null,
          1,
          2,
          null,
          null,
          1,
          2,
          2,
          2,
          2,
          null,
          null,
          null
        ]
      }
    },
    "timestamp": 1665463189
  }
}
